d:\egor\projects\sport\slgigevision\slgigevision\x64\debug\slgigevision.pch
d:\egor\projects\sport\slgigevision\slgigevision\x64\debug\vc140.pdb
d:\egor\projects\sport\slgigevision\slgigevision\x64\debug\vc140.idb
d:\egor\projects\sport\slgigevision\slgigevision\x64\debug\stdafx.obj
d:\egor\projects\sport\slgigevision\slgigevision\x64\debug\dllmain.obj
d:\egor\projects\sport\slgigevision\slgigevision\x64\debug\slgigevision.obj
d:\egor\projects\sport\slgigevision\slgigevision\x64\debug\slgigevisionobj.obj
d:\egor\projects\sport\slgigevision\slgigevision\x64\debug\slgigevision_i.obj
d:\egor\projects\sport\slgigevision\slgigevision\x64\debug\xdlldata.obj
d:\egor\projects\sport\slgigevision\slgigevision\x64\debug\slgigevision.tlb
d:\egor\projects\sport\slgigevision\slgigevision\slgigevision_p.c
d:\egor\projects\sport\slgigevision\slgigevision\slgigevision_i.c
d:\egor\projects\sport\slgigevision\slgigevision\slgigevision_i.h
d:\egor\projects\sport\slgigevision\slgigevision\x64\debug\slgigevision.res
d:\egor\projects\sport\slgigevision\slgigevision\x64\debug\slgigevision.tlog\cl.command.1.tlog
d:\egor\projects\sport\slgigevision\slgigevision\x64\debug\slgigevision.tlog\cl.read.1.tlog
d:\egor\projects\sport\slgigevision\slgigevision\x64\debug\slgigevision.tlog\cl.write.1.tlog
d:\egor\projects\sport\slgigevision\slgigevision\x64\debug\slgigevision.tlog\link.command.1.tlog
d:\egor\projects\sport\slgigevision\slgigevision\x64\debug\slgigevision.tlog\link.read.1.tlog
d:\egor\projects\sport\slgigevision\slgigevision\x64\debug\slgigevision.tlog\link.write.1.tlog
d:\egor\projects\sport\slgigevision\slgigevision\x64\debug\slgigevision.tlog\midl.command.1.tlog
d:\egor\projects\sport\slgigevision\slgigevision\x64\debug\slgigevision.tlog\midl.read.1.tlog
d:\egor\projects\sport\slgigevision\slgigevision\x64\debug\slgigevision.tlog\midl.write.1.tlog
d:\egor\projects\sport\slgigevision\slgigevision\x64\debug\slgigevision.tlog\rc.command.1.tlog
d:\egor\projects\sport\slgigevision\slgigevision\x64\debug\slgigevision.tlog\rc.read.1.tlog
d:\egor\projects\sport\slgigevision\slgigevision\x64\debug\slgigevision.tlog\rc.write.1.tlog
