d:\egor\projects\sport\slgigevision\slgigevision\x64\release\slgigevision.pch
d:\egor\projects\sport\slgigevision\slgigevision\x64\release\vc141.pdb
d:\egor\projects\sport\slgigevision\slgigevision\x64\release\stdafx.obj
d:\egor\projects\sport\slgigevision\slgigevision\x64\release\dllmain.obj
d:\egor\projects\sport\slgigevision\slgigevision\x64\release\slgigevisioncam.obj
d:\egor\projects\sport\slgigevision\slgigevision\x64\release\slgigevision.obj
d:\egor\projects\sport\slgigevision\slgigevision\x64\release\slgigevision_i.obj
d:\egor\projects\sport\slgigevision\slgigevision\x64\release\xdlldata.obj
d:\egor\projects\sport\slgigevision\slgigevision\x64\release\slgigevisionmgr.obj
d:\repository\gige\slgigevision\slgigevision\x64\release\slgigevision.pch
d:\repository\gige\slgigevision\slgigevision\x64\release\vc142.pdb
d:\repository\gige\slgigevision\slgigevision\x64\release\stdafx.obj
d:\repository\gige\slgigevision\slgigevision\x64\release\dllmain.obj
d:\repository\gige\slgigevision\slgigevision\x64\release\slgigevisionmgr.obj
d:\repository\gige\slgigevision\slgigevision\x64\release\slgigevisioncam.obj
d:\repository\gige\slgigevision\slgigevision\x64\release\slgigevision.obj
d:\repository\gige\slgigevision\slgigevision\x64\release\slgigevision_i.obj
d:\repository\gige\slgigevision\slgigevision\x64\release\xdlldata.obj
d:\egor\projects\sport\slgigevision\x64\release\slgigevision.dll
d:\egor\projects\sport\slgigevision\x64\release\slgigevision.pdb
d:\repository\gige\slgigevision\x64\release\slgigevision.dll
d:\repository\gige\slgigevision\x64\release\slgigevision.pdb
d:\egor\projects\sport\slgigevision\slgigevision\x64\release\slgigevision.tlb
d:\egor\projects\sport\slgigevision\slgigevision\slgigevision_p.c
d:\egor\projects\sport\slgigevision\slgigevision\slgigevision_i.c
d:\egor\projects\sport\slgigevision\slgigevision\slgigevision_i.h
d:\repository\gige\slgigevision\slgigevision\x64\release\slgigevision.tlb
d:\repository\gige\slgigevision\slgigevision\slgigevision_p.c
d:\repository\gige\slgigevision\slgigevision\slgigevision_i.c
d:\repository\gige\slgigevision\slgigevision\slgigevision_i.h
d:\egor\projects\sport\slgigevision\slgigevision\x64\release\slgigevision.res
d:\repository\gige\slgigevision\slgigevision\x64\release\slgigevision.res
d:\egor\projects\sport\slgigevision\x64\release\slgigevision.lib
d:\egor\projects\sport\slgigevision\x64\release\slgigevision.exp
d:\egor\projects\sport\slgigevision\slgigevision\x64\release\vcpkg.applocal.log
d:\repository\gige\slgigevision\x64\release\slgigevision.lib
d:\repository\gige\slgigevision\x64\release\slgigevision.exp
d:\repository\gige\slgigevision\slgigevision\x64\release\vc141.pdb
d:\repository\gige\slgigevision\slgigevision\x64\release\slgigevision.tlog\cl.command.1.tlog
d:\repository\gige\slgigevision\slgigevision\x64\release\slgigevision.tlog\cl.read.1.tlog
d:\repository\gige\slgigevision\slgigevision\x64\release\slgigevision.tlog\cl.write.1.tlog
d:\repository\gige\slgigevision\slgigevision\x64\release\slgigevision.tlog\link.command.1.tlog
d:\repository\gige\slgigevision\slgigevision\x64\release\slgigevision.tlog\link.read.1.tlog
d:\repository\gige\slgigevision\slgigevision\x64\release\slgigevision.tlog\link.write.1.tlog
d:\repository\gige\slgigevision\slgigevision\x64\release\slgigevision.tlog\midl.command.1.tlog
d:\repository\gige\slgigevision\slgigevision\x64\release\slgigevision.tlog\midl.read.1.tlog
d:\repository\gige\slgigevision\slgigevision\x64\release\slgigevision.tlog\midl.write.1.tlog
d:\repository\gige\slgigevision\slgigevision\x64\release\slgigevision.tlog\rc.command.1.tlog
d:\repository\gige\slgigevision\slgigevision\x64\release\slgigevision.tlog\rc.read.1.tlog
d:\repository\gige\slgigevision\slgigevision\x64\release\slgigevision.tlog\rc.write.1.tlog
d:\repository\gige\slgigevision\slgigevision\x64\release\slgigevision.tlog\slgigevision.write.1u.tlog
