d:\egor\projects\sport\slgigevision\slgigevision\debug\vc141.pdb
d:\egor\projects\sport\slgigevision\slgigevision\debug\vc141.idb
d:\egor\projects\sport\slgigevision\slgigevision\debug\slgigevision_i.obj
d:\egor\projects\sport\slgigevision\slgigevision\debug\xdlldata.obj
d:\egor\projects\sport\slgigevision\slgigevision\debug\slgigevision.pch
d:\egor\projects\sport\slgigevision\slgigevision\debug\stdafx.obj
d:\egor\projects\sport\slgigevision\slgigevision\debug\dllmain.obj
d:\egor\projects\sport\slgigevision\slgigevision\debug\slgigevision.obj
d:\egor\projects\sport\slgigevision\debug\slgigevision.ilk
d:\egor\projects\sport\slgigevision\debug\slgigevision.dll
d:\egor\projects\sport\slgigevision\debug\slgigevision.pdb
d:\egor\projects\sport\slgigevision\slgigevision\debug\slgigevision.tlb
d:\egor\projects\sport\slgigevision\slgigevision\slgigevision_p.c
d:\egor\projects\sport\slgigevision\slgigevision\slgigevision_i.c
d:\egor\projects\sport\slgigevision\slgigevision\slgigevision_i.h
d:\egor\projects\sport\slgigevision\slgigevision\debug\slgigevision.res
d:\egor\projects\sport\slgigevision\debug\slgigevision.lib
d:\egor\projects\sport\slgigevision\debug\slgigevision.exp
d:\egor\projects\sport\slgigevision\slgigevision\debug\vcpkg.applocal.log
d:\egor\projects\sport\slgigevision\slgigevision\debug\slgigevision.tlog\cl.command.1.tlog
d:\egor\projects\sport\slgigevision\slgigevision\debug\slgigevision.tlog\cl.read.1.tlog
d:\egor\projects\sport\slgigevision\slgigevision\debug\slgigevision.tlog\cl.write.1.tlog
d:\egor\projects\sport\slgigevision\slgigevision\debug\slgigevision.tlog\link.12360-cvtres.read.1.tlog
d:\egor\projects\sport\slgigevision\slgigevision\debug\slgigevision.tlog\link.12360-cvtres.write.1.tlog
d:\egor\projects\sport\slgigevision\slgigevision\debug\slgigevision.tlog\link.12360-rc.read.1.tlog
d:\egor\projects\sport\slgigevision\slgigevision\debug\slgigevision.tlog\link.12360-rc.write.1.tlog
d:\egor\projects\sport\slgigevision\slgigevision\debug\slgigevision.tlog\link.12360.read.1.tlog
d:\egor\projects\sport\slgigevision\slgigevision\debug\slgigevision.tlog\link.12360.write.1.tlog
d:\egor\projects\sport\slgigevision\slgigevision\debug\slgigevision.tlog\link.command.1.tlog
d:\egor\projects\sport\slgigevision\slgigevision\debug\slgigevision.tlog\link.read.1.tlog
d:\egor\projects\sport\slgigevision\slgigevision\debug\slgigevision.tlog\link.write.1.tlog
d:\egor\projects\sport\slgigevision\slgigevision\debug\slgigevision.tlog\midl.command.1.tlog
d:\egor\projects\sport\slgigevision\slgigevision\debug\slgigevision.tlog\midl.read.1.tlog
d:\egor\projects\sport\slgigevision\slgigevision\debug\slgigevision.tlog\midl.write.1.tlog
d:\egor\projects\sport\slgigevision\slgigevision\debug\slgigevision.tlog\rc.command.1.tlog
d:\egor\projects\sport\slgigevision\slgigevision\debug\slgigevision.tlog\rc.read.1.tlog
d:\egor\projects\sport\slgigevision\slgigevision\debug\slgigevision.tlog\rc.write.1.tlog
d:\egor\projects\sport\slgigevision\slgigevision\debug\slgigevision.tlog\slgigevision.write.1u.tlog
