  Processing .\SLGigEVision.idl
  SLGigEVision.idl
  Processing C:\Program Files (x86)\Windows Kits\10\Include\10.0.17763.0\um\oaidl.idl
  oaidl.idl
  Processing C:\Program Files (x86)\Windows Kits\10\Include\10.0.17763.0\um\objidl.idl
  objidl.idl
  Processing C:\Program Files (x86)\Windows Kits\10\Include\10.0.17763.0\um\unknwn.idl
  unknwn.idl
  Processing C:\Program Files (x86)\Windows Kits\10\Include\10.0.17763.0\shared\wtypes.idl
  wtypes.idl
  Processing C:\Program Files (x86)\Windows Kits\10\Include\10.0.17763.0\shared\wtypesbase.idl
  wtypesbase.idl
  Processing C:\Program Files (x86)\Windows Kits\10\Include\10.0.17763.0\shared\basetsd.h
  basetsd.h
  Processing C:\Program Files (x86)\Windows Kits\10\Include\10.0.17763.0\shared\guiddef.h
  guiddef.h
  Processing C:\Program Files (x86)\Windows Kits\10\Include\10.0.17763.0\um\ocidl.idl
  ocidl.idl
  Processing C:\Program Files (x86)\Windows Kits\10\Include\10.0.17763.0\um\oleidl.idl
  oleidl.idl
  Processing C:\Program Files (x86)\Windows Kits\10\Include\10.0.17763.0\um\servprov.idl
  servprov.idl
  Processing C:\Program Files (x86)\Windows Kits\10\Include\10.0.17763.0\um\urlmon.idl
  urlmon.idl
  Processing C:\Program Files (x86)\Windows Kits\10\Include\10.0.17763.0\um\msxml.idl
  msxml.idl
  Processing C:\Program Files (x86)\Windows Kits\10\Include\10.0.17763.0\um\oaidl.acf
  oaidl.acf
  Processing C:\Program Files (x86)\Windows Kits\10\Include\10.0.17763.0\um\ocidl.acf
  ocidl.acf
  stdafx.cpp
  dllmain.cpp
  SLGigEVision.cpp
  SLGigEVisionObj.cpp
d:\egor\projects\sport\slgigevision\slgigevision\gigevision\port.hpp(20): warning C4244: 'initializing': conversion from 'int64_t' to 'size_t', possible loss of data
d:\egor\projects\sport\slgigevision\slgigevision\gigevision\port.hpp(27): warning C4244: 'initializing': conversion from 'int64_t' to 'size_t', possible loss of data
d:\egor\projects\sport\slgigevision\slgigevision\gigevision\port.hpp(89): warning C4244: 'argument': conversion from 'uint64_t' to 'size_t', possible loss of data
d:\egor\projects\sport\slgigevision\slgigevision\gigevision\gigemanager.hpp(286): warning C4244: 'argument': conversion from 'int64_t' to 'size_t', possible loss of data
d:\egor\projects\sport\slgigevision\slgigevision\gigevision\gigemanager.hpp(288): warning C4244: 'argument': conversion from 'int64_t' to 'size_t', possible loss of data
d:\egor\projects\sport\slgigevision\slgigevision\gigevision\gigemanager.hpp(345): warning C4244: '=': conversion from 'int64_t' to 'size_t', possible loss of data
d:\egor\projects\sport\slgigevision\slgigevision\gigevision\gigemanager.hpp(346): warning C4244: '=': conversion from 'int64_t' to 'size_t', possible loss of data
  Generating Code...
  SLGigEVision_i.c
  xdlldata.c
LINK : fatal error LNK1104: cannot open file 'GCBase_MDd_VC141_v3_3.lib'
C:\Program Files (x86)\Microsoft Visual Studio\2017\Professional\Common7\IDE\VC\VCTargets\Microsoft.CppCommon.targets(720,5): error MSB6006: "link.exe" exited with code 1104.
